\BOOKMARK [1][-]{section.1}{\376\377\124\021\221\317\116\016\127\120\150\007}{}% 1
\BOOKMARK [2][-]{subsection.1.1}{\376\377\124\021\221\317\166\204\133\232\116\111\060\001\122\240\154\325\124\214\145\160\116\130}{section.1}% 2
\BOOKMARK [2][-]{subsection.1.2}{\376\377\124\021\221\317\166\204\176\277\140\047\166\370\121\163\140\047}{section.1}% 3
\BOOKMARK [2][-]{subsection.1.3}{\376\377\150\007\147\266\116\016\127\120\150\007}{section.1}% 4
\BOOKMARK [2][-]{subsection.1.4}{\376\377\145\160\221\317\171\357}{section.1}% 5
\BOOKMARK [2][-]{subsection.1.5}{\376\377\124\021\221\317\171\357}{section.1}% 6
\BOOKMARK [2][-]{subsection.1.6}{\376\377\155\367\124\010\171\357\116\016\123\314\221\315\124\021\221\317\171\357}{section.1}% 7
\BOOKMARK [1][-]{section.2}{\376\377\136\163\227\142\116\016\166\364\176\277}{}% 8
\BOOKMARK [2][-]{subsection.2.1}{\376\377\136\163\227\142\145\271\172\013}{section.2}% 9
\BOOKMARK [2][-]{subsection.2.2}{\376\377\166\364\176\277\145\271\172\013}{section.2}% 10
\BOOKMARK [2][-]{subsection.2.3}{\376\377\176\277\060\001\227\142\166\204\117\115\177\156\121\163\174\373}{section.2}% 11
\BOOKMARK [2][-]{subsection.2.4}{\376\377\160\271\060\001\176\277\060\001\227\142\116\113\225\364\166\204\215\335\171\273}{section.2}% 12
\BOOKMARK [2][-]{subsection.2.5}{\376\377\176\277\060\001\227\142\225\364\166\204\131\071\211\322}{section.2}% 13
\BOOKMARK [2][-]{subsection.2.6}{\376\377\136\163\227\142\147\137}{section.2}% 14
\BOOKMARK [1][-]{section.3}{\376\377\136\070\211\301\146\362\227\142}{}% 15
\BOOKMARK [2][-]{subsection.3.1}{\376\377\146\362\227\142\116\016\172\172\225\364\146\362\176\277}{section.3}% 16
\BOOKMARK [2][-]{subsection.3.2}{\376\377\147\361\227\142\116\016\142\225\137\161\146\362\176\277}{section.3}% 17
\BOOKMARK [2][-]{subsection.3.3}{\376\377\225\045\227\142\124\214\145\313\217\154\146\362\227\142}{section.3}% 18
\BOOKMARK [2][-]{subsection.3.4}{\376\377\116\214\153\041\146\362\227\142}{section.3}% 19
\BOOKMARK [2][-]{subsection.3.5}{\376\377\166\364\176\271\227\142}{section.3}% 20
\BOOKMARK [1][-]{section.4}{\376\377\116\214\153\041\146\362\227\142\166\204\122\006\174\173}{}% 21
\BOOKMARK [2][-]{subsection.4.1}{\376\377\127\120\150\007\123\330\143\142}{section.4}% 22
\BOOKMARK [2][-]{subsection.4.2}{\376\377\116\214\153\041\146\362\227\142\166\204\156\020\217\333\145\271\124\021\124\214\116\055\137\303}{section.4}% 23
\BOOKMARK [2][-]{subsection.4.3}{\376\377\116\214\153\041\146\362\227\142\166\204\133\371\171\360\227\142\124\214\116\073\137\204\227\142}{section.4}% 24
\BOOKMARK [2][-]{subsection.4.4}{\376\377\116\214\153\041\146\362\227\142\166\204\123\026\173\200\116\016\122\006\174\173}{section.4}% 25
\BOOKMARK [2][-]{subsection.4.5}{\376\377\116\214\153\041\146\362\227\142\166\204\122\007\176\277\116\016\122\007\136\163\227\142}{section.4}% 26
